[INFO] Scanning for projects...
[INFO] 
[INFO] ------------------------< com.example:tickets >-------------------------
[INFO] Building tickets 0.0.1-SNAPSHOT
[INFO]   from pom.xml
[INFO] --------------------------------[ jar ]---------------------------------
[INFO] 
[INFO] >>> spring-boot:3.2.5:run (default-cli) > test-compile @ tickets >>>
[INFO] 
[INFO] --- resources:3.3.1:resources (default-resources) @ tickets ---
[INFO] Copying 1 resource from src/main/resources to target/classes
[INFO] Copying 11 resources from src/main/resources to target/classes
[INFO] 
[INFO] --- compiler:3.11.0:compile (default-compile) @ tickets ---
[INFO] Nothing to compile - all classes are up to date
[INFO] 
[INFO] --- resources:3.3.1:testResources (default-testResources) @ tickets ---
[INFO] skip non existing resourceDirectory /home/clab/projects/tickets/src/test/resources
[INFO] 
[INFO] --- compiler:3.11.0:testCompile (default-testCompile) @ tickets ---
[INFO] Nothing to compile - all classes are up to date
[INFO] 
[INFO] <<< spring-boot:3.2.5:run (default-cli) < test-compile @ tickets <<<
[INFO] 
[INFO] 
[INFO] --- spring-boot:3.2.5:run (default-cli) @ tickets ---
[INFO] Attaching agents: []

  .   ____          _            __ _ _
 /\\ / ___'_ __ _ _(_)_ __  __ _ \ \ \ \
( ( )\___ | '_ | '_| | '_ \/ _` | \ \ \ \
 \\/  ___)| |_)| | | | | || (_| |  ) ) ) )
  '  |____| .__|_| |_|_| |_\__, | / / / /
 =========|_|==============|___/=/_/_/_/
 :: Spring Boot ::                (v3.2.5)

2024-05-25T21:57:24.287+08:00  INFO 5742 --- [           main] com.example.tickets.TicketsApplication   : Starting TicketsApplication using Java 17.0.7 with PID 5742 (/home/clab/projects/tickets/target/classes started by clab in /home/clab/projects/tickets)
2024-05-25T21:57:24.293+08:00  INFO 5742 --- [           main] com.example.tickets.TicketsApplication   : No active profile set, falling back to 1 default profile: "default"
2024-05-25T21:57:25.225+08:00  INFO 5742 --- [           main] .s.d.r.c.RepositoryConfigurationDelegate : Bootstrapping Spring Data JPA repositories in DEFAULT mode.
2024-05-25T21:57:25.307+08:00  INFO 5742 --- [           main] .s.d.r.c.RepositoryConfigurationDelegate : Finished Spring Data repository scanning in 71 ms. Found 4 JPA repository interfaces.
2024-05-25T21:57:25.727+08:00  WARN 5742 --- [           main] trationDelegate$BeanPostProcessorChecker : Bean 'org.springframework.ws.config.annotation.DelegatingWsConfiguration' of type [org.springframework.ws.config.annotation.DelegatingWsConfiguration$$SpringCGLIB$$0] is not eligible for getting processed by all BeanPostProcessors (for example: not eligible for auto-proxying). The currently created BeanPostProcessor [annotationActionEndpointMapping] is declared through a non-static factory method on that class; consider declaring it as static instead.
2024-05-25T21:57:25.808+08:00  INFO 5742 --- [           main] .w.s.a.s.AnnotationActionEndpointMapping : Supporting [WS-Addressing August 2004, WS-Addressing 1.0]
2024-05-25T21:57:26.123+08:00  INFO 5742 --- [           main] o.s.b.w.embedded.tomcat.TomcatWebServer  : Tomcat initialized with port 8080 (http)
2024-05-25T21:57:26.142+08:00  INFO 5742 --- [           main] o.apache.catalina.core.StandardService   : Starting service [Tomcat]
2024-05-25T21:57:26.142+08:00  INFO 5742 --- [           main] o.apache.catalina.core.StandardEngine    : Starting Servlet engine: [Apache Tomcat/10.1.20]
2024-05-25T21:57:26.216+08:00  INFO 5742 --- [           main] o.a.c.c.C.[Tomcat].[localhost].[/]       : Initializing Spring embedded WebApplicationContext
2024-05-25T21:57:26.218+08:00  INFO 5742 --- [           main] w.s.c.ServletWebServerApplicationContext : Root WebApplicationContext: initialization completed in 1851 ms
2024-05-25T21:57:26.433+08:00  INFO 5742 --- [           main] o.hibernate.jpa.internal.util.LogHelper  : HHH000204: Processing PersistenceUnitInfo [name: default]
2024-05-25T21:57:26.521+08:00  INFO 5742 --- [           main] org.hibernate.Version                    : HHH000412: Hibernate ORM core version 6.4.4.Final
2024-05-25T21:57:26.573+08:00  INFO 5742 --- [           main] o.h.c.internal.RegionFactoryInitiator    : HHH000026: Second-level cache disabled
2024-05-25T21:57:26.876+08:00  INFO 5742 --- [           main] o.s.o.j.p.SpringPersistenceUnitInfo      : No LoadTimeWeaver setup: ignoring JPA class transformer
2024-05-25T21:57:26.910+08:00  INFO 5742 --- [           main] com.zaxxer.hikari.HikariDataSource       : HikariPool-1 - Starting...
2024-05-25T21:57:27.142+08:00  INFO 5742 --- [           main] com.zaxxer.hikari.pool.HikariPool        : HikariPool-1 - Added connection com.mysql.cj.jdbc.ConnectionImpl@f017dd0
2024-05-25T21:57:27.145+08:00  INFO 5742 --- [           main] com.zaxxer.hikari.HikariDataSource       : HikariPool-1 - Start completed.
2024-05-25T21:57:27.208+08:00  WARN 5742 --- [           main] org.hibernate.dialect.Dialect            : HHH000511: The 5.7.0 version for [org.hibernate.dialect.MySQLDialect] is no longer supported, hence certain features may not work properly. The minimum supported version is 8.0.0. Check the community dialects project for available legacy versions.
2024-05-25T21:57:28.381+08:00  INFO 5742 --- [           main] o.h.e.t.j.p.i.JtaPlatformInitiator       : HHH000489: No JTA platform available (set 'hibernate.transaction.jta.platform' to enable JTA platform integration)
2024-05-25T21:57:28.502+08:00  INFO 5742 --- [           main] j.LocalContainerEntityManagerFactoryBean : Initialized JPA EntityManagerFactory for persistence unit 'default'
2024-05-25T21:57:28.829+08:00  INFO 5742 --- [           main] o.s.d.j.r.query.QueryEnhancerFactory     : Hibernate is in classpath; If applicable, HQL parser will be used.
2024-05-25T21:57:29.053+08:00  WARN 5742 --- [           main] JpaBaseConfiguration$JpaWebConfiguration : spring.jpa.open-in-view is enabled by default. Therefore, database queries may be performed during view rendering. Explicitly configure spring.jpa.open-in-view to disable this warning
2024-05-25T21:57:29.554+08:00  INFO 5742 --- [           main] o.s.b.w.embedded.tomcat.TomcatWebServer  : Tomcat started on port 8080 (http) with context path ''
2024-05-25T21:57:29.567+08:00  INFO 5742 --- [           main] com.example.tickets.TicketsApplication   : Started TicketsApplication in 5.858 seconds (process running for 6.33)
2024-05-27T10:35:03.239+08:00  INFO 5742 --- [nio-8080-exec-1] o.a.c.c.C.[Tomcat].[localhost].[/]       : Initializing Spring DispatcherServlet 'dispatcherServlet'
2024-05-27T10:35:03.241+08:00  INFO 5742 --- [nio-8080-exec-1] o.s.web.servlet.DispatcherServlet        : Initializing Servlet 'dispatcherServlet'
2024-05-27T10:35:03.247+08:00  INFO 5742 --- [nio-8080-exec-1] o.s.web.servlet.DispatcherServlet        : Completed initialization in 6 ms
Hibernate: select l1_0.log_id,l1_0.operation,l1_0.timestamp,l1_0.user_id from UserLog l1_0
Hibernate: select u1_0.user_id,u1_0.email,u1_0.password,u1_0.phone_number,u1_0.username from Users u1_0 where u1_0.user_id=?
Hibernate: select u1_0.user_id,u1_0.email,u1_0.password,u1_0.phone_number,u1_0.username from Users u1_0 where u1_0.user_id=?
Hibernate: select u1_0.user_id,u1_0.email,u1_0.password,u1_0.phone_number,u1_0.username from Users u1_0 where u1_0.user_id=?
Hibernate: CALL GetAllUsers()
Hibernate: select u1_0.user_id,u1_0.email,u1_0.password,u1_0.phone_number,u1_0.username from Users u1_0 where u1_0.email=?
Hibernate: select t1_0.ticket_id,t1_0.date,t1_0.remaining_seats,t1_0.seat_type,t1_0.train_id from Tickets t1_0
Hibernate: select t1_0.train_id,t1_0.arrival_time,t1_0.departure_time,ds1_0.station_id,ds1_0.location,ds1_0.station_name,os1_0.station_id,os1_0.location,os1_0.station_name,t1_0.train_number from Trains t1_0 left join Stations ds1_0 on ds1_0.station_id=t1_0.destination_station left join Stations os1_0 on os1_0.station_id=t1_0.origin_station where t1_0.train_id=?
Hibernate: select t1_0.train_id,t1_0.arrival_time,t1_0.departure_time,ds1_0.station_id,ds1_0.location,ds1_0.station_name,os1_0.station_id,os1_0.location,os1_0.station_name,t1_0.train_number from Trains t1_0 left join Stations ds1_0 on ds1_0.station_id=t1_0.destination_station left join Stations os1_0 on os1_0.station_id=t1_0.origin_station where t1_0.train_id=?
Hibernate: select t1_0.train_id,t1_0.arrival_time,t1_0.departure_time,ds1_0.station_id,ds1_0.location,ds1_0.station_name,os1_0.station_id,os1_0.location,os1_0.station_name,t1_0.train_number from Trains t1_0 left join Stations ds1_0 on ds1_0.station_id=t1_0.destination_station left join Stations os1_0 on os1_0.station_id=t1_0.origin_station where t1_0.train_id=?
Hibernate: select t1_0.train_id,t1_0.arrival_time,t1_0.departure_time,ds1_0.station_id,ds1_0.location,ds1_0.station_name,os1_0.station_id,os1_0.location,os1_0.station_name,t1_0.train_number from Trains t1_0 left join Stations ds1_0 on ds1_0.station_id=t1_0.destination_station left join Stations os1_0 on os1_0.station_id=t1_0.origin_station where t1_0.train_id=?
Hibernate: select t1_0.train_id,t1_0.arrival_time,t1_0.departure_time,ds1_0.station_id,ds1_0.location,ds1_0.station_name,os1_0.station_id,os1_0.location,os1_0.station_name,t1_0.train_number from Trains t1_0 left join Stations ds1_0 on ds1_0.station_id=t1_0.destination_station left join Stations os1_0 on os1_0.station_id=t1_0.origin_station where t1_0.train_id=?
Hibernate: select t1_0.train_id,t1_0.arrival_time,t1_0.departure_time,ds1_0.station_id,ds1_0.location,ds1_0.station_name,os1_0.station_id,os1_0.location,os1_0.station_name,t1_0.train_number from Trains t1_0 left join Stations ds1_0 on ds1_0.station_id=t1_0.destination_station left join Stations os1_0 on os1_0.station_id=t1_0.origin_station where t1_0.train_id=?
Hibernate: select t1_0.train_id,t1_0.arrival_time,t1_0.departure_time,ds1_0.station_id,ds1_0.location,ds1_0.station_name,os1_0.station_id,os1_0.location,os1_0.station_name,t1_0.train_number from Trains t1_0 left join Stations ds1_0 on ds1_0.station_id=t1_0.destination_station left join Stations os1_0 on os1_0.station_id=t1_0.origin_station where t1_0.train_id=?
Hibernate: select t1_0.train_id,t1_0.arrival_time,t1_0.departure_time,ds1_0.station_id,ds1_0.location,ds1_0.station_name,os1_0.station_id,os1_0.location,os1_0.station_name,t1_0.train_number from Trains t1_0 left join Stations ds1_0 on ds1_0.station_id=t1_0.destination_station left join Stations os1_0 on os1_0.station_id=t1_0.origin_station where t1_0.train_id=?
Hibernate: select t1_0.train_id,t1_0.arrival_time,t1_0.departure_time,ds1_0.station_id,ds1_0.location,ds1_0.station_name,os1_0.station_id,os1_0.location,os1_0.station_name,t1_0.train_number from Trains t1_0 left join Stations ds1_0 on ds1_0.station_id=t1_0.destination_station left join Stations os1_0 on os1_0.station_id=t1_0.origin_station where t1_0.train_id=?
Hibernate: select t1_0.train_id,t1_0.arrival_time,t1_0.departure_time,ds1_0.station_id,ds1_0.location,ds1_0.station_name,os1_0.station_id,os1_0.location,os1_0.station_name,t1_0.train_number from Trains t1_0 left join Stations ds1_0 on ds1_0.station_id=t1_0.destination_station left join Stations os1_0 on os1_0.station_id=t1_0.origin_station where t1_0.train_id=?
Hibernate: select t1_0.train_id,t1_0.arrival_time,t1_0.departure_time,ds1_0.station_id,ds1_0.location,ds1_0.station_name,os1_0.station_id,os1_0.location,os1_0.station_name,t1_0.train_number from Trains t1_0 left join Stations ds1_0 on ds1_0.station_id=t1_0.destination_station left join Stations os1_0 on os1_0.station_id=t1_0.origin_station where t1_0.train_id=?
Hibernate: select t1_0.train_id,t1_0.arrival_time,t1_0.departure_time,ds1_0.station_id,ds1_0.location,ds1_0.station_name,os1_0.station_id,os1_0.location,os1_0.station_name,t1_0.train_number from Trains t1_0 left join Stations ds1_0 on ds1_0.station_id=t1_0.destination_station left join Stations os1_0 on os1_0.station_id=t1_0.origin_station where t1_0.train_id=?
Hibernate: select t1_0.train_id,t1_0.arrival_time,t1_0.departure_time,ds1_0.station_id,ds1_0.location,ds1_0.station_name,os1_0.station_id,os1_0.location,os1_0.station_name,t1_0.train_number from Trains t1_0 left join Stations ds1_0 on ds1_0.station_id=t1_0.destination_station left join Stations os1_0 on os1_0.station_id=t1_0.origin_station where t1_0.train_id=?
Hibernate: select t1_0.train_id,t1_0.arrival_time,t1_0.departure_time,ds1_0.station_id,ds1_0.location,ds1_0.station_name,os1_0.station_id,os1_0.location,os1_0.station_name,t1_0.train_number from Trains t1_0 left join Stations ds1_0 on ds1_0.station_id=t1_0.destination_station left join Stations os1_0 on os1_0.station_id=t1_0.origin_station where t1_0.train_id=?
Hibernate: select t1_0.train_id,t1_0.arrival_time,t1_0.departure_time,ds1_0.station_id,ds1_0.location,ds1_0.station_name,os1_0.station_id,os1_0.location,os1_0.station_name,t1_0.train_number from Trains t1_0 left join Stations ds1_0 on ds1_0.station_id=t1_0.destination_station left join Stations os1_0 on os1_0.station_id=t1_0.origin_station where t1_0.train_id=?
Hibernate: select t1_0.train_id,t1_0.arrival_time,t1_0.departure_time,ds1_0.station_id,ds1_0.location,ds1_0.station_name,os1_0.station_id,os1_0.location,os1_0.station_name,t1_0.train_number from Trains t1_0 left join Stations ds1_0 on ds1_0.station_id=t1_0.destination_station left join Stations os1_0 on os1_0.station_id=t1_0.origin_station where t1_0.train_id=?
Hibernate: select t1_0.train_id,t1_0.arrival_time,t1_0.departure_time,ds1_0.station_id,ds1_0.location,ds1_0.station_name,os1_0.station_id,os1_0.location,os1_0.station_name,t1_0.train_number from Trains t1_0 left join Stations ds1_0 on ds1_0.station_id=t1_0.destination_station left join Stations os1_0 on os1_0.station_id=t1_0.origin_station where t1_0.train_id=?
Hibernate: select t1_0.train_id,t1_0.arrival_time,t1_0.departure_time,ds1_0.station_id,ds1_0.location,ds1_0.station_name,os1_0.station_id,os1_0.location,os1_0.station_name,t1_0.train_number from Trains t1_0 left join Stations ds1_0 on ds1_0.station_id=t1_0.destination_station left join Stations os1_0 on os1_0.station_id=t1_0.origin_station where t1_0.train_id=?
Hibernate: select t1_0.train_id,t1_0.arrival_time,t1_0.departure_time,ds1_0.station_id,ds1_0.location,ds1_0.station_name,os1_0.station_id,os1_0.location,os1_0.station_name,t1_0.train_number from Trains t1_0 left join Stations ds1_0 on ds1_0.station_id=t1_0.destination_station left join Stations os1_0 on os1_0.station_id=t1_0.origin_station where t1_0.train_id=?
Hibernate: select t1_0.train_id,t1_0.arrival_time,t1_0.departure_time,ds1_0.station_id,ds1_0.location,ds1_0.station_name,os1_0.station_id,os1_0.location,os1_0.station_name,t1_0.train_number from Trains t1_0 left join Stations ds1_0 on ds1_0.station_id=t1_0.destination_station left join Stations os1_0 on os1_0.station_id=t1_0.origin_station where t1_0.train_id=?
Hibernate: select t1_0.train_id,t1_0.arrival_time,t1_0.departure_time,ds1_0.station_id,ds1_0.location,ds1_0.station_name,os1_0.station_id,os1_0.location,os1_0.station_name,t1_0.train_number from Trains t1_0 left join Stations ds1_0 on ds1_0.station_id=t1_0.destination_station left join Stations os1_0 on os1_0.station_id=t1_0.origin_station where t1_0.train_id=?
Hibernate: select t1_0.train_id,t1_0.arrival_time,t1_0.departure_time,ds1_0.station_id,ds1_0.location,ds1_0.station_name,os1_0.station_id,os1_0.location,os1_0.station_name,t1_0.train_number from Trains t1_0 left join Stations ds1_0 on ds1_0.station_id=t1_0.destination_station left join Stations os1_0 on os1_0.station_id=t1_0.origin_station where t1_0.train_id=?
Hibernate: select t1_0.train_id,t1_0.arrival_time,t1_0.departure_time,ds1_0.station_id,ds1_0.location,ds1_0.station_name,os1_0.station_id,os1_0.location,os1_0.station_name,t1_0.train_number from Trains t1_0 left join Stations ds1_0 on ds1_0.station_id=t1_0.destination_station left join Stations os1_0 on os1_0.station_id=t1_0.origin_station where t1_0.train_id=?
Hibernate: select t1_0.train_id,t1_0.arrival_time,t1_0.departure_time,ds1_0.station_id,ds1_0.location,ds1_0.station_name,os1_0.station_id,os1_0.location,os1_0.station_name,t1_0.train_number from Trains t1_0 left join Stations ds1_0 on ds1_0.station_id=t1_0.destination_station left join Stations os1_0 on os1_0.station_id=t1_0.origin_station where t1_0.train_id=?
Hibernate: select t1_0.train_id,t1_0.arrival_time,t1_0.departure_time,ds1_0.station_id,ds1_0.location,ds1_0.station_name,os1_0.station_id,os1_0.location,os1_0.station_name,t1_0.train_number from Trains t1_0 left join Stations ds1_0 on ds1_0.station_id=t1_0.destination_station left join Stations os1_0 on os1_0.station_id=t1_0.origin_station where t1_0.train_id=?
Hibernate: select t1_0.train_id,t1_0.arrival_time,t1_0.departure_time,ds1_0.station_id,ds1_0.location,ds1_0.station_name,os1_0.station_id,os1_0.location,os1_0.station_name,t1_0.train_number from Trains t1_0 left join Stations ds1_0 on ds1_0.station_id=t1_0.destination_station left join Stations os1_0 on os1_0.station_id=t1_0.origin_station where t1_0.train_id=?
Hibernate: select t1_0.train_id,t1_0.arrival_time,t1_0.departure_time,ds1_0.station_id,ds1_0.location,ds1_0.station_name,os1_0.station_id,os1_0.location,os1_0.station_name,t1_0.train_number from Trains t1_0 left join Stations ds1_0 on ds1_0.station_id=t1_0.destination_station left join Stations os1_0 on os1_0.station_id=t1_0.origin_station where t1_0.train_id=?
Hibernate: select t1_0.train_id,t1_0.arrival_time,t1_0.departure_time,ds1_0.station_id,ds1_0.location,ds1_0.station_name,os1_0.station_id,os1_0.location,os1_0.station_name,t1_0.train_number from Trains t1_0 left join Stations ds1_0 on ds1_0.station_id=t1_0.destination_station left join Stations os1_0 on os1_0.station_id=t1_0.origin_station where t1_0.train_id=?
Hibernate: select t1_0.train_id,t1_0.arrival_time,t1_0.departure_time,ds1_0.station_id,ds1_0.location,ds1_0.station_name,os1_0.station_id,os1_0.location,os1_0.station_name,t1_0.train_number from Trains t1_0 left join Stations ds1_0 on ds1_0.station_id=t1_0.destination_station left join Stations os1_0 on os1_0.station_id=t1_0.origin_station where t1_0.train_id=?
Hibernate: select t1_0.train_id,t1_0.arrival_time,t1_0.departure_time,ds1_0.station_id,ds1_0.location,ds1_0.station_name,os1_0.station_id,os1_0.location,os1_0.station_name,t1_0.train_number from Trains t1_0 left join Stations ds1_0 on ds1_0.station_id=t1_0.destination_station left join Stations os1_0 on os1_0.station_id=t1_0.origin_station where t1_0.train_id=?
Hibernate: select t1_0.train_id,t1_0.arrival_time,t1_0.departure_time,ds1_0.station_id,ds1_0.location,ds1_0.station_name,os1_0.station_id,os1_0.location,os1_0.station_name,t1_0.train_number from Trains t1_0 left join Stations ds1_0 on ds1_0.station_id=t1_0.destination_station left join Stations os1_0 on os1_0.station_id=t1_0.origin_station where t1_0.train_id=?
Hibernate: select t1_0.train_id,t1_0.arrival_time,t1_0.departure_time,ds1_0.station_id,ds1_0.location,ds1_0.station_name,os1_0.station_id,os1_0.location,os1_0.station_name,t1_0.train_number from Trains t1_0 left join Stations ds1_0 on ds1_0.station_id=t1_0.destination_station left join Stations os1_0 on os1_0.station_id=t1_0.origin_station where t1_0.train_id=?
Hibernate: select t1_0.train_id,t1_0.arrival_time,t1_0.departure_time,ds1_0.station_id,ds1_0.location,ds1_0.station_name,os1_0.station_id,os1_0.location,os1_0.station_name,t1_0.train_number from Trains t1_0 left join Stations ds1_0 on ds1_0.station_id=t1_0.destination_station left join Stations os1_0 on os1_0.station_id=t1_0.origin_station where t1_0.train_id=?
Hibernate: select t1_0.train_id,t1_0.arrival_time,t1_0.departure_time,ds1_0.station_id,ds1_0.location,ds1_0.station_name,os1_0.station_id,os1_0.location,os1_0.station_name,t1_0.train_number from Trains t1_0 left join Stations ds1_0 on ds1_0.station_id=t1_0.destination_station left join Stations os1_0 on os1_0.station_id=t1_0.origin_station where t1_0.train_id=?
Hibernate: select t1_0.train_id,t1_0.arrival_time,t1_0.departure_time,ds1_0.station_id,ds1_0.location,ds1_0.station_name,os1_0.station_id,os1_0.location,os1_0.station_name,t1_0.train_number from Trains t1_0 left join Stations ds1_0 on ds1_0.station_id=t1_0.destination_station left join Stations os1_0 on os1_0.station_id=t1_0.origin_station where t1_0.train_id=?
Hibernate: select t1_0.train_id,t1_0.arrival_time,t1_0.departure_time,ds1_0.station_id,ds1_0.location,ds1_0.station_name,os1_0.station_id,os1_0.location,os1_0.station_name,t1_0.train_number from Trains t1_0 left join Stations ds1_0 on ds1_0.station_id=t1_0.destination_station left join Stations os1_0 on os1_0.station_id=t1_0.origin_station where t1_0.train_id=?
Hibernate: select t1_0.train_id,t1_0.arrival_time,t1_0.departure_time,ds1_0.station_id,ds1_0.location,ds1_0.station_name,os1_0.station_id,os1_0.location,os1_0.station_name,t1_0.train_number from Trains t1_0 left join Stations ds1_0 on ds1_0.station_id=t1_0.destination_station left join Stations os1_0 on os1_0.station_id=t1_0.origin_station where t1_0.train_id=?
Hibernate: select t1_0.train_id,t1_0.arrival_time,t1_0.departure_time,ds1_0.station_id,ds1_0.location,ds1_0.station_name,os1_0.station_id,os1_0.location,os1_0.station_name,t1_0.train_number from Trains t1_0 left join Stations ds1_0 on ds1_0.station_id=t1_0.destination_station left join Stations os1_0 on os1_0.station_id=t1_0.origin_station where t1_0.train_id=?
Hibernate: select u1_0.user_id,u1_0.email,u1_0.password,u1_0.phone_number,u1_0.username from Users u1_0 where u1_0.email=?
Hibernate: select t1_0.ticket_id,t1_0.date,t1_0.remaining_seats,t1_0.seat_type,t1_0.train_id from Tickets t1_0
Hibernate: select t1_0.train_id,t1_0.arrival_time,t1_0.departure_time,ds1_0.station_id,ds1_0.location,ds1_0.station_name,os1_0.station_id,os1_0.location,os1_0.station_name,t1_0.train_number from Trains t1_0 left join Stations ds1_0 on ds1_0.station_id=t1_0.destination_station left join Stations os1_0 on os1_0.station_id=t1_0.origin_station where t1_0.train_id=?
Hibernate: select t1_0.train_id,t1_0.arrival_time,t1_0.departure_time,ds1_0.station_id,ds1_0.location,ds1_0.station_name,os1_0.station_id,os1_0.location,os1_0.station_name,t1_0.train_number from Trains t1_0 left join Stations ds1_0 on ds1_0.station_id=t1_0.destination_station left join Stations os1_0 on os1_0.station_id=t1_0.origin_station where t1_0.train_id=?
Hibernate: select t1_0.train_id,t1_0.arrival_time,t1_0.departure_time,ds1_0.station_id,ds1_0.location,ds1_0.station_name,os1_0.station_id,os1_0.location,os1_0.station_name,t1_0.train_number from Trains t1_0 left join Stations ds1_0 on ds1_0.station_id=t1_0.destination_station left join Stations os1_0 on os1_0.station_id=t1_0.origin_station where t1_0.train_id=?
Hibernate: select t1_0.train_id,t1_0.arrival_time,t1_0.departure_time,ds1_0.station_id,ds1_0.location,ds1_0.station_name,os1_0.station_id,os1_0.location,os1_0.station_name,t1_0.train_number from Trains t1_0 left join Stations ds1_0 on ds1_0.station_id=t1_0.destination_station left join Stations os1_0 on os1_0.station_id=t1_0.origin_station where t1_0.train_id=?
Hibernate: select t1_0.train_id,t1_0.arrival_time,t1_0.departure_time,ds1_0.station_id,ds1_0.location,ds1_0.station_name,os1_0.station_id,os1_0.location,os1_0.station_name,t1_0.train_number from Trains t1_0 left join Stations ds1_0 on ds1_0.station_id=t1_0.destination_station left join Stations os1_0 on os1_0.station_id=t1_0.origin_station where t1_0.train_id=?
Hibernate: select t1_0.train_id,t1_0.arrival_time,t1_0.departure_time,ds1_0.station_id,ds1_0.location,ds1_0.station_name,os1_0.station_id,os1_0.location,os1_0.station_name,t1_0.train_number from Trains t1_0 left join Stations ds1_0 on ds1_0.station_id=t1_0.destination_station left join Stations os1_0 on os1_0.station_id=t1_0.origin_station where t1_0.train_id=?
Hibernate: select t1_0.train_id,t1_0.arrival_time,t1_0.departure_time,ds1_0.station_id,ds1_0.location,ds1_0.station_name,os1_0.station_id,os1_0.location,os1_0.station_name,t1_0.train_number from Trains t1_0 left join Stations ds1_0 on ds1_0.station_id=t1_0.destination_station left join Stations os1_0 on os1_0.station_id=t1_0.origin_station where t1_0.train_id=?
Hibernate: select t1_0.train_id,t1_0.arrival_time,t1_0.departure_time,ds1_0.station_id,ds1_0.location,ds1_0.station_name,os1_0.station_id,os1_0.location,os1_0.station_name,t1_0.train_number from Trains t1_0 left join Stations ds1_0 on ds1_0.station_id=t1_0.destination_station left join Stations os1_0 on os1_0.station_id=t1_0.origin_station where t1_0.train_id=?
Hibernate: select t1_0.train_id,t1_0.arrival_time,t1_0.departure_time,ds1_0.station_id,ds1_0.location,ds1_0.station_name,os1_0.station_id,os1_0.location,os1_0.station_name,t1_0.train_number from Trains t1_0 left join Stations ds1_0 on ds1_0.station_id=t1_0.destination_station left join Stations os1_0 on os1_0.station_id=t1_0.origin_station where t1_0.train_id=?
Hibernate: select t1_0.train_id,t1_0.arrival_time,t1_0.departure_time,ds1_0.station_id,ds1_0.location,ds1_0.station_name,os1_0.station_id,os1_0.location,os1_0.station_name,t1_0.train_number from Trains t1_0 left join Stations ds1_0 on ds1_0.station_id=t1_0.destination_station left join Stations os1_0 on os1_0.station_id=t1_0.origin_station where t1_0.train_id=?
Hibernate: select t1_0.train_id,t1_0.arrival_time,t1_0.departure_time,ds1_0.station_id,ds1_0.location,ds1_0.station_name,os1_0.station_id,os1_0.location,os1_0.station_name,t1_0.train_number from Trains t1_0 left join Stations ds1_0 on ds1_0.station_id=t1_0.destination_station left join Stations os1_0 on os1_0.station_id=t1_0.origin_station where t1_0.train_id=?
Hibernate: select t1_0.train_id,t1_0.arrival_time,t1_0.departure_time,ds1_0.station_id,ds1_0.location,ds1_0.station_name,os1_0.station_id,os1_0.location,os1_0.station_name,t1_0.train_number from Trains t1_0 left join Stations ds1_0 on ds1_0.station_id=t1_0.destination_station left join Stations os1_0 on os1_0.station_id=t1_0.origin_station where t1_0.train_id=?
Hibernate: select t1_0.train_id,t1_0.arrival_time,t1_0.departure_time,ds1_0.station_id,ds1_0.location,ds1_0.station_name,os1_0.station_id,os1_0.location,os1_0.station_name,t1_0.train_number from Trains t1_0 left join Stations ds1_0 on ds1_0.station_id=t1_0.destination_station left join Stations os1_0 on os1_0.station_id=t1_0.origin_station where t1_0.train_id=?
Hibernate: select t1_0.train_id,t1_0.arrival_time,t1_0.departure_time,ds1_0.station_id,ds1_0.location,ds1_0.station_name,os1_0.station_id,os1_0.location,os1_0.station_name,t1_0.train_number from Trains t1_0 left join Stations ds1_0 on ds1_0.station_id=t1_0.destination_station left join Stations os1_0 on os1_0.station_id=t1_0.origin_station where t1_0.train_id=?
Hibernate: select t1_0.train_id,t1_0.arrival_time,t1_0.departure_time,ds1_0.station_id,ds1_0.location,ds1_0.station_name,os1_0.station_id,os1_0.location,os1_0.station_name,t1_0.train_number from Trains t1_0 left join Stations ds1_0 on ds1_0.station_id=t1_0.destination_station left join Stations os1_0 on os1_0.station_id=t1_0.origin_station where t1_0.train_id=?
Hibernate: select t1_0.train_id,t1_0.arrival_time,t1_0.departure_time,ds1_0.station_id,ds1_0.location,ds1_0.station_name,os1_0.station_id,os1_0.location,os1_0.station_name,t1_0.train_number from Trains t1_0 left join Stations ds1_0 on ds1_0.station_id=t1_0.destination_station left join Stations os1_0 on os1_0.station_id=t1_0.origin_station where t1_0.train_id=?
Hibernate: select t1_0.train_id,t1_0.arrival_time,t1_0.departure_time,ds1_0.station_id,ds1_0.location,ds1_0.station_name,os1_0.station_id,os1_0.location,os1_0.station_name,t1_0.train_number from Trains t1_0 left join Stations ds1_0 on ds1_0.station_id=t1_0.destination_station left join Stations os1_0 on os1_0.station_id=t1_0.origin_station where t1_0.train_id=?
Hibernate: select t1_0.train_id,t1_0.arrival_time,t1_0.departure_time,ds1_0.station_id,ds1_0.location,ds1_0.station_name,os1_0.station_id,os1_0.location,os1_0.station_name,t1_0.train_number from Trains t1_0 left join Stations ds1_0 on ds1_0.station_id=t1_0.destination_station left join Stations os1_0 on os1_0.station_id=t1_0.origin_station where t1_0.train_id=?
Hibernate: select t1_0.train_id,t1_0.arrival_time,t1_0.departure_time,ds1_0.station_id,ds1_0.location,ds1_0.station_name,os1_0.station_id,os1_0.location,os1_0.station_name,t1_0.train_number from Trains t1_0 left join Stations ds1_0 on ds1_0.station_id=t1_0.destination_station left join Stations os1_0 on os1_0.station_id=t1_0.origin_station where t1_0.train_id=?
Hibernate: select t1_0.train_id,t1_0.arrival_time,t1_0.departure_time,ds1_0.station_id,ds1_0.location,ds1_0.station_name,os1_0.station_id,os1_0.location,os1_0.station_name,t1_0.train_number from Trains t1_0 left join Stations ds1_0 on ds1_0.station_id=t1_0.destination_station left join Stations os1_0 on os1_0.station_id=t1_0.origin_station where t1_0.train_id=?
Hibernate: select t1_0.train_id,t1_0.arrival_time,t1_0.departure_time,ds1_0.station_id,ds1_0.location,ds1_0.station_name,os1_0.station_id,os1_0.location,os1_0.station_name,t1_0.train_number from Trains t1_0 left join Stations ds1_0 on ds1_0.station_id=t1_0.destination_station left join Stations os1_0 on os1_0.station_id=t1_0.origin_station where t1_0.train_id=?
Hibernate: select t1_0.train_id,t1_0.arrival_time,t1_0.departure_time,ds1_0.station_id,ds1_0.location,ds1_0.station_name,os1_0.station_id,os1_0.location,os1_0.station_name,t1_0.train_number from Trains t1_0 left join Stations ds1_0 on ds1_0.station_id=t1_0.destination_station left join Stations os1_0 on os1_0.station_id=t1_0.origin_station where t1_0.train_id=?
Hibernate: select t1_0.train_id,t1_0.arrival_time,t1_0.departure_time,ds1_0.station_id,ds1_0.location,ds1_0.station_name,os1_0.station_id,os1_0.location,os1_0.station_name,t1_0.train_number from Trains t1_0 left join Stations ds1_0 on ds1_0.station_id=t1_0.destination_station left join Stations os1_0 on os1_0.station_id=t1_0.origin_station where t1_0.train_id=?
Hibernate: select t1_0.train_id,t1_0.arrival_time,t1_0.departure_time,ds1_0.station_id,ds1_0.location,ds1_0.station_name,os1_0.station_id,os1_0.location,os1_0.station_name,t1_0.train_number from Trains t1_0 left join Stations ds1_0 on ds1_0.station_id=t1_0.destination_station left join Stations os1_0 on os1_0.station_id=t1_0.origin_station where t1_0.train_id=?
Hibernate: select t1_0.train_id,t1_0.arrival_time,t1_0.departure_time,ds1_0.station_id,ds1_0.location,ds1_0.station_name,os1_0.station_id,os1_0.location,os1_0.station_name,t1_0.train_number from Trains t1_0 left join Stations ds1_0 on ds1_0.station_id=t1_0.destination_station left join Stations os1_0 on os1_0.station_id=t1_0.origin_station where t1_0.train_id=?
Hibernate: select t1_0.train_id,t1_0.arrival_time,t1_0.departure_time,ds1_0.station_id,ds1_0.location,ds1_0.station_name,os1_0.station_id,os1_0.location,os1_0.station_name,t1_0.train_number from Trains t1_0 left join Stations ds1_0 on ds1_0.station_id=t1_0.destination_station left join Stations os1_0 on os1_0.station_id=t1_0.origin_station where t1_0.train_id=?
Hibernate: select t1_0.train_id,t1_0.arrival_time,t1_0.departure_time,ds1_0.station_id,ds1_0.location,ds1_0.station_name,os1_0.station_id,os1_0.location,os1_0.station_name,t1_0.train_number from Trains t1_0 left join Stations ds1_0 on ds1_0.station_id=t1_0.destination_station left join Stations os1_0 on os1_0.station_id=t1_0.origin_station where t1_0.train_id=?
Hibernate: select t1_0.train_id,t1_0.arrival_time,t1_0.departure_time,ds1_0.station_id,ds1_0.location,ds1_0.station_name,os1_0.station_id,os1_0.location,os1_0.station_name,t1_0.train_number from Trains t1_0 left join Stations ds1_0 on ds1_0.station_id=t1_0.destination_station left join Stations os1_0 on os1_0.station_id=t1_0.origin_station where t1_0.train_id=?
Hibernate: select t1_0.train_id,t1_0.arrival_time,t1_0.departure_time,ds1_0.station_id,ds1_0.location,ds1_0.station_name,os1_0.station_id,os1_0.location,os1_0.station_name,t1_0.train_number from Trains t1_0 left join Stations ds1_0 on ds1_0.station_id=t1_0.destination_station left join Stations os1_0 on os1_0.station_id=t1_0.origin_station where t1_0.train_id=?
Hibernate: select t1_0.train_id,t1_0.arrival_time,t1_0.departure_time,ds1_0.station_id,ds1_0.location,ds1_0.station_name,os1_0.station_id,os1_0.location,os1_0.station_name,t1_0.train_number from Trains t1_0 left join Stations ds1_0 on ds1_0.station_id=t1_0.destination_station left join Stations os1_0 on os1_0.station_id=t1_0.origin_station where t1_0.train_id=?
Hibernate: select t1_0.train_id,t1_0.arrival_time,t1_0.departure_time,ds1_0.station_id,ds1_0.location,ds1_0.station_name,os1_0.station_id,os1_0.location,os1_0.station_name,t1_0.train_number from Trains t1_0 left join Stations ds1_0 on ds1_0.station_id=t1_0.destination_station left join Stations os1_0 on os1_0.station_id=t1_0.origin_station where t1_0.train_id=?
Hibernate: select t1_0.train_id,t1_0.arrival_time,t1_0.departure_time,ds1_0.station_id,ds1_0.location,ds1_0.station_name,os1_0.station_id,os1_0.location,os1_0.station_name,t1_0.train_number from Trains t1_0 left join Stations ds1_0 on ds1_0.station_id=t1_0.destination_station left join Stations os1_0 on os1_0.station_id=t1_0.origin_station where t1_0.train_id=?
Hibernate: select t1_0.train_id,t1_0.arrival_time,t1_0.departure_time,ds1_0.station_id,ds1_0.location,ds1_0.station_name,os1_0.station_id,os1_0.location,os1_0.station_name,t1_0.train_number from Trains t1_0 left join Stations ds1_0 on ds1_0.station_id=t1_0.destination_station left join Stations os1_0 on os1_0.station_id=t1_0.origin_station where t1_0.train_id=?
Hibernate: select t1_0.train_id,t1_0.arrival_time,t1_0.departure_time,ds1_0.station_id,ds1_0.location,ds1_0.station_name,os1_0.station_id,os1_0.location,os1_0.station_name,t1_0.train_number from Trains t1_0 left join Stations ds1_0 on ds1_0.station_id=t1_0.destination_station left join Stations os1_0 on os1_0.station_id=t1_0.origin_station where t1_0.train_id=?
Hibernate: select t1_0.train_id,t1_0.arrival_time,t1_0.departure_time,ds1_0.station_id,ds1_0.location,ds1_0.station_name,os1_0.station_id,os1_0.location,os1_0.station_name,t1_0.train_number from Trains t1_0 left join Stations ds1_0 on ds1_0.station_id=t1_0.destination_station left join Stations os1_0 on os1_0.station_id=t1_0.origin_station where t1_0.train_id=?
Hibernate: select t1_0.train_id,t1_0.arrival_time,t1_0.departure_time,ds1_0.station_id,ds1_0.location,ds1_0.station_name,os1_0.station_id,os1_0.location,os1_0.station_name,t1_0.train_number from Trains t1_0 left join Stations ds1_0 on ds1_0.station_id=t1_0.destination_station left join Stations os1_0 on os1_0.station_id=t1_0.origin_station where t1_0.train_id=?
Hibernate: select t1_0.train_id,t1_0.arrival_time,t1_0.departure_time,ds1_0.station_id,ds1_0.location,ds1_0.station_name,os1_0.station_id,os1_0.location,os1_0.station_name,t1_0.train_number from Trains t1_0 left join Stations ds1_0 on ds1_0.station_id=t1_0.destination_station left join Stations os1_0 on os1_0.station_id=t1_0.origin_station where t1_0.train_id=?
Hibernate: select t1_0.train_id,t1_0.arrival_time,t1_0.departure_time,ds1_0.station_id,ds1_0.location,ds1_0.station_name,os1_0.station_id,os1_0.location,os1_0.station_name,t1_0.train_number from Trains t1_0 left join Stations ds1_0 on ds1_0.station_id=t1_0.destination_station left join Stations os1_0 on os1_0.station_id=t1_0.origin_station where t1_0.train_id=?
Hibernate: select u1_0.user_id,u1_0.email,u1_0.password,u1_0.phone_number,u1_0.username from Users u1_0 where u1_0.email=?
Hibernate: select t1_0.ticket_id,t1_0.date,t1_0.remaining_seats,t1_0.seat_type,t1_0.train_id from Tickets t1_0
Hibernate: select t1_0.train_id,t1_0.arrival_time,t1_0.departure_time,ds1_0.station_id,ds1_0.location,ds1_0.station_name,os1_0.station_id,os1_0.location,os1_0.station_name,t1_0.train_number from Trains t1_0 left join Stations ds1_0 on ds1_0.station_id=t1_0.destination_station left join Stations os1_0 on os1_0.station_id=t1_0.origin_station where t1_0.train_id=?
Hibernate: select t1_0.train_id,t1_0.arrival_time,t1_0.departure_time,ds1_0.station_id,ds1_0.location,ds1_0.station_name,os1_0.station_id,os1_0.location,os1_0.station_name,t1_0.train_number from Trains t1_0 left join Stations ds1_0 on ds1_0.station_id=t1_0.destination_station left join Stations os1_0 on os1_0.station_id=t1_0.origin_station where t1_0.train_id=?
Hibernate: select t1_0.train_id,t1_0.arrival_time,t1_0.departure_time,ds1_0.station_id,ds1_0.location,ds1_0.station_name,os1_0.station_id,os1_0.location,os1_0.station_name,t1_0.train_number from Trains t1_0 left join Stations ds1_0 on ds1_0.station_id=t1_0.destination_station left join Stations os1_0 on os1_0.station_id=t1_0.origin_station where t1_0.train_id=?
Hibernate: select t1_0.train_id,t1_0.arrival_time,t1_0.departure_time,ds1_0.station_id,ds1_0.location,ds1_0.station_name,os1_0.station_id,os1_0.location,os1_0.station_name,t1_0.train_number from Trains t1_0 left join Stations ds1_0 on ds1_0.station_id=t1_0.destination_station left join Stations os1_0 on os1_0.station_id=t1_0.origin_station where t1_0.train_id=?
Hibernate: select t1_0.train_id,t1_0.arrival_time,t1_0.departure_time,ds1_0.station_id,ds1_0.location,ds1_0.station_name,os1_0.station_id,os1_0.location,os1_0.station_name,t1_0.train_number from Trains t1_0 left join Stations ds1_0 on ds1_0.station_id=t1_0.destination_station left join Stations os1_0 on os1_0.station_id=t1_0.origin_station where t1_0.train_id=?
Hibernate: select t1_0.train_id,t1_0.arrival_time,t1_0.departure_time,ds1_0.station_id,ds1_0.location,ds1_0.station_name,os1_0.station_id,os1_0.location,os1_0.station_name,t1_0.train_number from Trains t1_0 left join Stations ds1_0 on ds1_0.station_id=t1_0.destination_station left join Stations os1_0 on os1_0.station_id=t1_0.origin_station where t1_0.train_id=?
Hibernate: select t1_0.train_id,t1_0.arrival_time,t1_0.departure_time,ds1_0.station_id,ds1_0.location,ds1_0.station_name,os1_0.station_id,os1_0.location,os1_0.station_name,t1_0.train_number from Trains t1_0 left join Stations ds1_0 on ds1_0.station_id=t1_0.destination_station left join Stations os1_0 on os1_0.station_id=t1_0.origin_station where t1_0.train_id=?
Hibernate: select t1_0.train_id,t1_0.arrival_time,t1_0.departure_time,ds1_0.station_id,ds1_0.location,ds1_0.station_name,os1_0.station_id,os1_0.location,os1_0.station_name,t1_0.train_number from Trains t1_0 left join Stations ds1_0 on ds1_0.station_id=t1_0.destination_station left join Stations os1_0 on os1_0.station_id=t1_0.origin_station where t1_0.train_id=?
Hibernate: select t1_0.train_id,t1_0.arrival_time,t1_0.departure_time,ds1_0.station_id,ds1_0.location,ds1_0.station_name,os1_0.station_id,os1_0.location,os1_0.station_name,t1_0.train_number from Trains t1_0 left join Stations ds1_0 on ds1_0.station_id=t1_0.destination_station left join Stations os1_0 on os1_0.station_id=t1_0.origin_station where t1_0.train_id=?
Hibernate: select t1_0.train_id,t1_0.arrival_time,t1_0.departure_time,ds1_0.station_id,ds1_0.location,ds1_0.station_name,os1_0.station_id,os1_0.location,os1_0.station_name,t1_0.train_number from Trains t1_0 left join Stations ds1_0 on ds1_0.station_id=t1_0.destination_station left join Stations os1_0 on os1_0.station_id=t1_0.origin_station where t1_0.train_id=?
Hibernate: select t1_0.train_id,t1_0.arrival_time,t1_0.departure_time,ds1_0.station_id,ds1_0.location,ds1_0.station_name,os1_0.station_id,os1_0.location,os1_0.station_name,t1_0.train_number from Trains t1_0 left join Stations ds1_0 on ds1_0.station_id=t1_0.destination_station left join Stations os1_0 on os1_0.station_id=t1_0.origin_station where t1_0.train_id=?
Hibernate: select t1_0.train_id,t1_0.arrival_time,t1_0.departure_time,ds1_0.station_id,ds1_0.location,ds1_0.station_name,os1_0.station_id,os1_0.location,os1_0.station_name,t1_0.train_number from Trains t1_0 left join Stations ds1_0 on ds1_0.station_id=t1_0.destination_station left join Stations os1_0 on os1_0.station_id=t1_0.origin_station where t1_0.train_id=?
Hibernate: select t1_0.train_id,t1_0.arrival_time,t1_0.departure_time,ds1_0.station_id,ds1_0.location,ds1_0.station_name,os1_0.station_id,os1_0.location,os1_0.station_name,t1_0.train_number from Trains t1_0 left join Stations ds1_0 on ds1_0.station_id=t1_0.destination_station left join Stations os1_0 on os1_0.station_id=t1_0.origin_station where t1_0.train_id=?
Hibernate: select t1_0.train_id,t1_0.arrival_time,t1_0.departure_time,ds1_0.station_id,ds1_0.location,ds1_0.station_name,os1_0.station_id,os1_0.location,os1_0.station_name,t1_0.train_number from Trains t1_0 left join Stations ds1_0 on ds1_0.station_id=t1_0.destination_station left join Stations os1_0 on os1_0.station_id=t1_0.origin_station where t1_0.train_id=?
Hibernate: select t1_0.train_id,t1_0.arrival_time,t1_0.departure_time,ds1_0.station_id,ds1_0.location,ds1_0.station_name,os1_0.station_id,os1_0.location,os1_0.station_name,t1_0.train_number from Trains t1_0 left join Stations ds1_0 on ds1_0.station_id=t1_0.destination_station left join Stations os1_0 on os1_0.station_id=t1_0.origin_station where t1_0.train_id=?
Hibernate: select t1_0.train_id,t1_0.arrival_time,t1_0.departure_time,ds1_0.station_id,ds1_0.location,ds1_0.station_name,os1_0.station_id,os1_0.location,os1_0.station_name,t1_0.train_number from Trains t1_0 left join Stations ds1_0 on ds1_0.station_id=t1_0.destination_station left join Stations os1_0 on os1_0.station_id=t1_0.origin_station where t1_0.train_id=?
Hibernate: select t1_0.train_id,t1_0.arrival_time,t1_0.departure_time,ds1_0.station_id,ds1_0.location,ds1_0.station_name,os1_0.station_id,os1_0.location,os1_0.station_name,t1_0.train_number from Trains t1_0 left join Stations ds1_0 on ds1_0.station_id=t1_0.destination_station left join Stations os1_0 on os1_0.station_id=t1_0.origin_station where t1_0.train_id=?
Hibernate: select t1_0.train_id,t1_0.arrival_time,t1_0.departure_time,ds1_0.station_id,ds1_0.location,ds1_0.station_name,os1_0.station_id,os1_0.location,os1_0.station_name,t1_0.train_number from Trains t1_0 left join Stations ds1_0 on ds1_0.station_id=t1_0.destination_station left join Stations os1_0 on os1_0.station_id=t1_0.origin_station where t1_0.train_id=?
Hibernate: select t1_0.train_id,t1_0.arrival_time,t1_0.departure_time,ds1_0.station_id,ds1_0.location,ds1_0.station_name,os1_0.station_id,os1_0.location,os1_0.station_name,t1_0.train_number from Trains t1_0 left join Stations ds1_0 on ds1_0.station_id=t1_0.destination_station left join Stations os1_0 on os1_0.station_id=t1_0.origin_station where t1_0.train_id=?
Hibernate: select t1_0.train_id,t1_0.arrival_time,t1_0.departure_time,ds1_0.station_id,ds1_0.location,ds1_0.station_name,os1_0.station_id,os1_0.location,os1_0.station_name,t1_0.train_number from Trains t1_0 left join Stations ds1_0 on ds1_0.station_id=t1_0.destination_station left join Stations os1_0 on os1_0.station_id=t1_0.origin_station where t1_0.train_id=?
Hibernate: select t1_0.train_id,t1_0.arrival_time,t1_0.departure_time,ds1_0.station_id,ds1_0.location,ds1_0.station_name,os1_0.station_id,os1_0.location,os1_0.station_name,t1_0.train_number from Trains t1_0 left join Stations ds1_0 on ds1_0.station_id=t1_0.destination_station left join Stations os1_0 on os1_0.station_id=t1_0.origin_station where t1_0.train_id=?
Hibernate: select t1_0.train_id,t1_0.arrival_time,t1_0.departure_time,ds1_0.station_id,ds1_0.location,ds1_0.station_name,os1_0.station_id,os1_0.location,os1_0.station_name,t1_0.train_number from Trains t1_0 left join Stations ds1_0 on ds1_0.station_id=t1_0.destination_station left join Stations os1_0 on os1_0.station_id=t1_0.origin_station where t1_0.train_id=?
Hibernate: select t1_0.train_id,t1_0.arrival_time,t1_0.departure_time,ds1_0.station_id,ds1_0.location,ds1_0.station_name,os1_0.station_id,os1_0.location,os1_0.station_name,t1_0.train_number from Trains t1_0 left join Stations ds1_0 on ds1_0.station_id=t1_0.destination_station left join Stations os1_0 on os1_0.station_id=t1_0.origin_station where t1_0.train_id=?
Hibernate: select t1_0.train_id,t1_0.arrival_time,t1_0.departure_time,ds1_0.station_id,ds1_0.location,ds1_0.station_name,os1_0.station_id,os1_0.location,os1_0.station_name,t1_0.train_number from Trains t1_0 left join Stations ds1_0 on ds1_0.station_id=t1_0.destination_station left join Stations os1_0 on os1_0.station_id=t1_0.origin_station where t1_0.train_id=?
Hibernate: select t1_0.train_id,t1_0.arrival_time,t1_0.departure_time,ds1_0.station_id,ds1_0.location,ds1_0.station_name,os1_0.station_id,os1_0.location,os1_0.station_name,t1_0.train_number from Trains t1_0 left join Stations ds1_0 on ds1_0.station_id=t1_0.destination_station left join Stations os1_0 on os1_0.station_id=t1_0.origin_station where t1_0.train_id=?
Hibernate: select t1_0.train_id,t1_0.arrival_time,t1_0.departure_time,ds1_0.station_id,ds1_0.location,ds1_0.station_name,os1_0.station_id,os1_0.location,os1_0.station_name,t1_0.train_number from Trains t1_0 left join Stations ds1_0 on ds1_0.station_id=t1_0.destination_station left join Stations os1_0 on os1_0.station_id=t1_0.origin_station where t1_0.train_id=?
Hibernate: select t1_0.train_id,t1_0.arrival_time,t1_0.departure_time,ds1_0.station_id,ds1_0.location,ds1_0.station_name,os1_0.station_id,os1_0.location,os1_0.station_name,t1_0.train_number from Trains t1_0 left join Stations ds1_0 on ds1_0.station_id=t1_0.destination_station left join Stations os1_0 on os1_0.station_id=t1_0.origin_station where t1_0.train_id=?
Hibernate: select t1_0.train_id,t1_0.arrival_time,t1_0.departure_time,ds1_0.station_id,ds1_0.location,ds1_0.station_name,os1_0.station_id,os1_0.location,os1_0.station_name,t1_0.train_number from Trains t1_0 left join Stations ds1_0 on ds1_0.station_id=t1_0.destination_station left join Stations os1_0 on os1_0.station_id=t1_0.origin_station where t1_0.train_id=?
Hibernate: select t1_0.train_id,t1_0.arrival_time,t1_0.departure_time,ds1_0.station_id,ds1_0.location,ds1_0.station_name,os1_0.station_id,os1_0.location,os1_0.station_name,t1_0.train_number from Trains t1_0 left join Stations ds1_0 on ds1_0.station_id=t1_0.destination_station left join Stations os1_0 on os1_0.station_id=t1_0.origin_station where t1_0.train_id=?
Hibernate: select t1_0.train_id,t1_0.arrival_time,t1_0.departure_time,ds1_0.station_id,ds1_0.location,ds1_0.station_name,os1_0.station_id,os1_0.location,os1_0.station_name,t1_0.train_number from Trains t1_0 left join Stations ds1_0 on ds1_0.station_id=t1_0.destination_station left join Stations os1_0 on os1_0.station_id=t1_0.origin_station where t1_0.train_id=?
Hibernate: select t1_0.train_id,t1_0.arrival_time,t1_0.departure_time,ds1_0.station_id,ds1_0.location,ds1_0.station_name,os1_0.station_id,os1_0.location,os1_0.station_name,t1_0.train_number from Trains t1_0 left join Stations ds1_0 on ds1_0.station_id=t1_0.destination_station left join Stations os1_0 on os1_0.station_id=t1_0.origin_station where t1_0.train_id=?
Hibernate: select t1_0.train_id,t1_0.arrival_time,t1_0.departure_time,ds1_0.station_id,ds1_0.location,ds1_0.station_name,os1_0.station_id,os1_0.location,os1_0.station_name,t1_0.train_number from Trains t1_0 left join Stations ds1_0 on ds1_0.station_id=t1_0.destination_station left join Stations os1_0 on os1_0.station_id=t1_0.origin_station where t1_0.train_id=?
Hibernate: select t1_0.train_id,t1_0.arrival_time,t1_0.departure_time,ds1_0.station_id,ds1_0.location,ds1_0.station_name,os1_0.station_id,os1_0.location,os1_0.station_name,t1_0.train_number from Trains t1_0 left join Stations ds1_0 on ds1_0.station_id=t1_0.destination_station left join Stations os1_0 on os1_0.station_id=t1_0.origin_station where t1_0.train_id=?
Hibernate: select t1_0.train_id,t1_0.arrival_time,t1_0.departure_time,ds1_0.station_id,ds1_0.location,ds1_0.station_name,os1_0.station_id,os1_0.location,os1_0.station_name,t1_0.train_number from Trains t1_0 left join Stations ds1_0 on ds1_0.station_id=t1_0.destination_station left join Stations os1_0 on os1_0.station_id=t1_0.origin_station where t1_0.train_id=?
Hibernate: select t1_0.train_id,t1_0.arrival_time,t1_0.departure_time,ds1_0.station_id,ds1_0.location,ds1_0.station_name,os1_0.station_id,os1_0.location,os1_0.station_name,t1_0.train_number from Trains t1_0 left join Stations ds1_0 on ds1_0.station_id=t1_0.destination_station left join Stations os1_0 on os1_0.station_id=t1_0.origin_station where t1_0.train_id=?
Hibernate: select t1_0.train_id,t1_0.arrival_time,t1_0.departure_time,ds1_0.station_id,ds1_0.location,ds1_0.station_name,os1_0.station_id,os1_0.location,os1_0.station_name,t1_0.train_number from Trains t1_0 left join Stations ds1_0 on ds1_0.station_id=t1_0.destination_station left join Stations os1_0 on os1_0.station_id=t1_0.origin_station where t1_0.train_id=?
Hibernate: select t1_0.train_id,t1_0.arrival_time,t1_0.departure_time,ds1_0.station_id,ds1_0.location,ds1_0.station_name,os1_0.station_id,os1_0.location,os1_0.station_name,t1_0.train_number from Trains t1_0 left join Stations ds1_0 on ds1_0.station_id=t1_0.destination_station left join Stations os1_0 on os1_0.station_id=t1_0.origin_station where t1_0.train_id=?
Hibernate: select t1_0.train_id,t1_0.arrival_time,t1_0.departure_time,ds1_0.station_id,ds1_0.location,ds1_0.station_name,os1_0.station_id,os1_0.location,os1_0.station_name,t1_0.train_number from Trains t1_0 left join Stations ds1_0 on ds1_0.station_id=t1_0.destination_station left join Stations os1_0 on os1_0.station_id=t1_0.origin_station where t1_0.train_id=?
Hibernate: select l1_0.log_id,l1_0.operation,l1_0.timestamp,l1_0.user_id from UserLog l1_0
Hibernate: select u1_0.user_id,u1_0.email,u1_0.password,u1_0.phone_number,u1_0.username from Users u1_0 where u1_0.user_id=?
Hibernate: select u1_0.user_id,u1_0.email,u1_0.password,u1_0.phone_number,u1_0.username from Users u1_0 where u1_0.user_id=?
Hibernate: select u1_0.user_id,u1_0.email,u1_0.password,u1_0.phone_number,u1_0.username from Users u1_0 where u1_0.user_id=?
Hibernate: select l1_0.log_id,l1_0.operation,l1_0.timestamp,l1_0.user_id from UserLog l1_0
Hibernate: select u1_0.user_id,u1_0.email,u1_0.password,u1_0.phone_number,u1_0.username from Users u1_0 where u1_0.user_id=?
Hibernate: select u1_0.user_id,u1_0.email,u1_0.password,u1_0.phone_number,u1_0.username from Users u1_0 where u1_0.user_id=?
Hibernate: select u1_0.user_id,u1_0.email,u1_0.password,u1_0.phone_number,u1_0.username from Users u1_0 where u1_0.user_id=?
Hibernate: CALL GetAllUsers()
Hibernate: select l1_0.log_id,l1_0.operation,l1_0.timestamp,l1_0.user_id from UserLog l1_0
Hibernate: select u1_0.user_id,u1_0.email,u1_0.password,u1_0.phone_number,u1_0.username from Users u1_0 where u1_0.user_id=?
Hibernate: select u1_0.user_id,u1_0.email,u1_0.password,u1_0.phone_number,u1_0.username from Users u1_0 where u1_0.user_id=?
Hibernate: select u1_0.user_id,u1_0.email,u1_0.password,u1_0.phone_number,u1_0.username from Users u1_0 where u1_0.user_id=?
Hibernate: select u1_0.user_id,u1_0.email,u1_0.password,u1_0.phone_number,u1_0.username from Users u1_0 where u1_0.email=?
Hibernate: CALL InsertUser(?, ?, ?, ?)
Hibernate: select l1_0.log_id,l1_0.operation,l1_0.timestamp,l1_0.user_id from UserLog l1_0
Hibernate: select u1_0.user_id,u1_0.email,u1_0.password,u1_0.phone_number,u1_0.username from Users u1_0 where u1_0.user_id=?
Hibernate: select u1_0.user_id,u1_0.email,u1_0.password,u1_0.phone_number,u1_0.username from Users u1_0 where u1_0.user_id=?
Hibernate: select u1_0.user_id,u1_0.email,u1_0.password,u1_0.phone_number,u1_0.username from Users u1_0 where u1_0.user_id=?
Hibernate: select u1_0.user_id,u1_0.email,u1_0.password,u1_0.phone_number,u1_0.username from Users u1_0 where u1_0.user_id=?
Hibernate: select l1_0.log_id,l1_0.operation,l1_0.timestamp,l1_0.user_id from UserLog l1_0
Hibernate: select u1_0.user_id,u1_0.email,u1_0.password,u1_0.phone_number,u1_0.username from Users u1_0 where u1_0.user_id=?
Hibernate: select u1_0.user_id,u1_0.email,u1_0.password,u1_0.phone_number,u1_0.username from Users u1_0 where u1_0.user_id=?
Hibernate: select u1_0.user_id,u1_0.email,u1_0.password,u1_0.phone_number,u1_0.username from Users u1_0 where u1_0.user_id=?
Hibernate: select u1_0.user_id,u1_0.email,u1_0.password,u1_0.phone_number,u1_0.username from Users u1_0 where u1_0.user_id=?
